<?xml version="1.0" encoding="UTF-8"?>
<!-- Generated by org.testng.reporters.JUnitXMLReporter -->
<testsuite ignored="0" hostname="DESKTOP-OO6K2I5" failures="0" tests="3" name="Default test" time="35.154" errors="0" timestamp="2024-01-08T12:09:27 IST">
  <testcase classname="org.ictakwebsite.test.TestEventsICSET" name="clickEvents" time="2.819"/>
  <testcase classname="org.ictakwebsite.test.TestEventsICSET" name="formheading1" time="0.336"/>
  <testcase classname="org.ictakwebsite.test.TestEventsICSET" name="setdetailsvalid" time="1.551"/>
</testsuite> <!-- Default test -->
